  main.cpp
E:\Desktop\An 2 sem 2\OOP\Laborator 7\Problema 2\Problema 2\Template.h(99,1): warning C4102: 'std': unreferenced label
E:\Desktop\An 2 sem 2\OOP\Laborator 7\Problema 2\Problema 2\Template.h(97): message : while compiling class template member function 'void Vector<int>::print(void)'
E:\Desktop\An 2 sem 2\OOP\Laborator 7\Problema 2\Problema 2\main.cpp(20): message : see reference to function template instantiation 'void Vector<int>::print(void)' being compiled
E:\Desktop\An 2 sem 2\OOP\Laborator 7\Problema 2\Problema 2\main.cpp(11): message : see reference to class template instantiation 'Vector<int>' being compiled
E:\Desktop\An 2 sem 2\OOP\Laborator 7\Problema 2\Problema 2\Template.h(90,1): warning C4102: 'std': unreferenced label
E:\Desktop\An 2 sem 2\OOP\Laborator 7\Problema 2\Problema 2\Template.h(81): message : while compiling class template member function 'void Vector<int>::set(T,int)'
          with
          [
              T=int
          ]
E:\Desktop\An 2 sem 2\OOP\Laborator 7\Problema 2\Problema 2\main.cpp(17): message : see reference to function template instantiation 'void Vector<int>::set(T,int)' being compiled
          with
          [
              T=int
          ]
E:\Desktop\An 2 sem 2\OOP\Laborator 7\Problema 2\Problema 2\Template.h(69,1): warning C4102: 'std': unreferenced label
E:\Desktop\An 2 sem 2\OOP\Laborator 7\Problema 2\Problema 2\Template.h(53): message : while compiling class template member function 'void Vector<int>::insert(T,int)'
          with
          [
              T=int
          ]
E:\Desktop\An 2 sem 2\OOP\Laborator 7\Problema 2\Problema 2\main.cpp(18): message : see reference to function template instantiation 'void Vector<int>::insert(T,int)' being compiled
          with
          [
              T=int
          ]
E:\Desktop\An 2 sem 2\OOP\Laborator 7\Problema 2\Problema 2\Template.h(79): warning C4715: 'Vector<int>::get': not all control paths return a value
  Problema 2.vcxproj -> E:\Desktop\An 2 sem 2\OOP\Laborator 7\Problema 2\Problema 2\x64\Debug\Problema 2.exe
